Build started 1/28/2015 5:30:34 PM.
     1>Project "C:\codez\amt\build\AutomobileMaintenanceTracker.vcxproj" on node 2 (Build target(s)).
     1>C:\Program Files (x86)\MSBuild\Microsoft.Cpp\v4.0\V120\Microsoft.CppBuild.targets(1193,5): warning MSB8012: TargetPath(C:\codez\amt\build\Debug\AutomobileMaintenanceTracker.exe) does not match the Linker's OutputFile property value (C:\codez\amt\build\Debug\_AutomobileMaintenanceTracker.pyd). This may cause your project to build incorrectly. To correct this, please make sure that $(OutDir), $(TargetName) and $(TargetExt) property values match the value specified in %(Link.OutputFile).
     1>C:\Program Files (x86)\MSBuild\Microsoft.Cpp\v4.0\V120\Microsoft.CppBuild.targets(1194,5): warning MSB8012: TargetExt(.exe) does not match the Linker's OutputFile property value (.pyd). This may cause your project to build incorrectly. To correct this, please make sure that $(OutDir), $(TargetName) and $(TargetExt) property values match the value specified in %(Link.OutputFile).
     1>C:\Program Files (x86)\MSBuild\Microsoft.Cpp\v4.0\V120\Microsoft.CppBuild.targets(1195,5): warning MSB8012: TargetName(AutomobileMaintenanceTracker) does not match the Linker's OutputFile property value (_AutomobileMaintenanceTracker). This may cause your project to build incorrectly. To correct this, please make sure that $(OutDir), $(TargetName) and $(TargetExt) property values match the value specified in %(Link.OutputFile).
     1>Link:
         C:\Program Files (x86)\Microsoft Visual Studio 12.0\VC\bin\x86_amd64\link.exe /ERRORREPORT:PROMPT /OUT:"C:\codez\amt\build\Debug\_AutomobileMaintenanceTracker.pyd" /INCREMENTAL /NOLOGO /LIBPATH:C:\Python27\libs kernel32.lib user32.lib gdi32.lib winspool.lib shell32.lib ole32.lib oleaut32.lib uuid.lib comdlg32.lib advapi32.lib python27.lib /MANIFEST /MANIFESTUAC:"level='asInvoker' uiAccess='false'" /manifest:embed /DEBUG /PDB:"C:/codez/amt/build/Debug/AutomobileMaintenanceTracker.pdb" /SUBSYSTEM:CONSOLE /TLBID:1 /DYNAMICBASE /NXCOMPAT /IMPLIB:"C:/codez/amt/build/Debug/AutomobileMaintenanceTracker.lib" /MACHINE:X64  /machine:x64 /debug /DLL AutomobileMaintenanceTracker.dir\Debug\main.obj
         AutomobileMaintenanceTracker.dir\Debug\AMTAPI.obj
         AutomobileMaintenanceTracker.dir\Debug\Database.obj
         AutomobileMaintenanceTracker.dir\Debug\Vehicle.obj
         AutomobileMaintenanceTracker.dir\Debug\MaintenanceTask.obj
         AutomobileMaintenanceTracker.dir\Debug\sqlite3.obj
         AutomobileMaintenanceTracker.dir\Debug\AutomobileMaintenanceTracker_wrap.obj
     1>LINK : fatal error LNK1104: cannot open file 'python27_d.lib'
     1>Done Building Project "C:\codez\amt\build\AutomobileMaintenanceTracker.vcxproj" (Build target(s)) -- FAILED.

Build FAILED.

Time Elapsed 00:00:00.21
